<?xml version="1.0" encoding="UTF-8"?>
<testsuite xmlns:xsi="http://www.w3.org/2001/XMLSchema-instance" xsi:noNamespaceSchemaLocation="https://maven.apache.org/surefire/maven-surefire-plugin/xsd/surefire-test-report-3.0.xsd" version="3.0" name="TestSuite" time="1.022" tests="1" errors="0" skipped="0" failures="1">
  <properties>
    <property name="java.specification.version" value="24"/>
    <property name="sun.jnu.encoding" value="UTF-8"/>
    <property name="java.class.path" value="/Users/oguzhancakiroglu/Documents/git/AppiumAutomation/target/test-classes:/Users/oguzhancakiroglu/Documents/git/AppiumAutomation/target/classes:/Users/oguzhancakiroglu/.m2/repository/io/appium/java-client/8.5.1/java-client-8.5.1.jar:/Users/oguzhancakiroglu/.m2/repository/org/seleniumhq/selenium/selenium-api/4.35.0/selenium-api-4.35.0.jar:/Users/oguzhancakiroglu/.m2/repository/org/jspecify/jspecify/1.0.0/jspecify-1.0.0.jar:/Users/oguzhancakiroglu/.m2/repository/org/seleniumhq/selenium/selenium-remote-driver/4.35.0/selenium-remote-driver-4.35.0.jar:/Users/oguzhancakiroglu/.m2/repository/com/google/auto/service/auto-service-annotations/1.1.1/auto-service-annotations-1.1.1.jar:/Users/oguzhancakiroglu/.m2/repository/com/google/guava/guava/33.4.8-jre/guava-33.4.8-jre.jar:/Users/oguzhancakiroglu/.m2/repository/com/google/guava/failureaccess/1.0.3/failureaccess-1.0.3.jar:/Users/oguzhancakiroglu/.m2/repository/com/google/guava/listenablefuture/9999.0-empty-to-avoid-conflict-with-guava/listenablefuture-9999.0-empty-to-avoid-conflict-with-guava.jar:/Users/oguzhancakiroglu/.m2/repository/com/google/errorprone/error_prone_annotations/2.36.0/error_prone_annotations-2.36.0.jar:/Users/oguzhancakiroglu/.m2/repository/com/google/j2objc/j2objc-annotations/3.0.0/j2objc-annotations-3.0.0.jar:/Users/oguzhancakiroglu/.m2/repository/io/opentelemetry/opentelemetry-api/1.53.0/opentelemetry-api-1.53.0.jar:/Users/oguzhancakiroglu/.m2/repository/io/opentelemetry/opentelemetry-context/1.53.0/opentelemetry-context-1.53.0.jar:/Users/oguzhancakiroglu/.m2/repository/io/opentelemetry/opentelemetry-common/1.53.0/opentelemetry-common-1.53.0.jar:/Users/oguzhancakiroglu/.m2/repository/io/opentelemetry/opentelemetry-exporter-logging/1.53.0/opentelemetry-exporter-logging-1.53.0.jar:/Users/oguzhancakiroglu/.m2/repository/io/opentelemetry/opentelemetry-sdk-common/1.53.0/opentelemetry-sdk-common-1.53.0.jar:/Users/oguzhancakiroglu/.m2/repository/io/opentelemetry/opentelemetry-sdk-extension-autoconfigure-spi/1.53.0/opentelemetry-sdk-extension-autoconfigure-spi-1.53.0.jar:/Users/oguzhancakiroglu/.m2/repository/io/opentelemetry/opentelemetry-sdk-extension-autoconfigure/1.53.0/opentelemetry-sdk-extension-autoconfigure-1.53.0.jar:/Users/oguzhancakiroglu/.m2/repository/io/opentelemetry/opentelemetry-sdk-trace/1.53.0/opentelemetry-sdk-trace-1.53.0.jar:/Users/oguzhancakiroglu/.m2/repository/io/opentelemetry/opentelemetry-sdk/1.53.0/opentelemetry-sdk-1.53.0.jar:/Users/oguzhancakiroglu/.m2/repository/io/opentelemetry/opentelemetry-sdk-metrics/1.53.0/opentelemetry-sdk-metrics-1.53.0.jar:/Users/oguzhancakiroglu/.m2/repository/io/opentelemetry/opentelemetry-sdk-logs/1.53.0/opentelemetry-sdk-logs-1.53.0.jar:/Users/oguzhancakiroglu/.m2/repository/net/bytebuddy/byte-buddy/1.17.6/byte-buddy-1.17.6.jar:/Users/oguzhancakiroglu/.m2/repository/org/seleniumhq/selenium/selenium-http/4.35.0/selenium-http-4.35.0.jar:/Users/oguzhancakiroglu/.m2/repository/org/seleniumhq/selenium/selenium-json/4.35.0/selenium-json-4.35.0.jar:/Users/oguzhancakiroglu/.m2/repository/org/seleniumhq/selenium/selenium-manager/4.35.0/selenium-manager-4.35.0.jar:/Users/oguzhancakiroglu/.m2/repository/org/seleniumhq/selenium/selenium-os/4.35.0/selenium-os-4.35.0.jar:/Users/oguzhancakiroglu/.m2/repository/org/apache/commons/commons-exec/1.5.0/commons-exec-1.5.0.jar:/Users/oguzhancakiroglu/.m2/repository/org/seleniumhq/selenium/selenium-support/4.35.0/selenium-support-4.35.0.jar:/Users/oguzhancakiroglu/.m2/repository/com/google/code/gson/gson/2.10.1/gson-2.10.1.jar:/Users/oguzhancakiroglu/.m2/repository/commons-validator/commons-validator/1.7/commons-validator-1.7.jar:/Users/oguzhancakiroglu/.m2/repository/commons-beanutils/commons-beanutils/1.9.4/commons-beanutils-1.9.4.jar:/Users/oguzhancakiroglu/.m2/repository/commons-digester/commons-digester/2.1/commons-digester-2.1.jar:/Users/oguzhancakiroglu/.m2/repository/commons-logging/commons-logging/1.2/commons-logging-1.2.jar:/Users/oguzhancakiroglu/.m2/repository/commons-collections/commons-collections/3.2.2/commons-collections-3.2.2.jar:/Users/oguzhancakiroglu/.m2/repository/commons-io/commons-io/2.12.0/commons-io-2.12.0.jar:/Users/oguzhancakiroglu/.m2/repository/io/cucumber/cucumber-java/7.14.0/cucumber-java-7.14.0.jar:/Users/oguzhancakiroglu/.m2/repository/io/cucumber/cucumber-core/7.14.0/cucumber-core-7.14.0.jar:/Users/oguzhancakiroglu/.m2/repository/io/cucumber/cucumber-gherkin/7.14.0/cucumber-gherkin-7.14.0.jar:/Users/oguzhancakiroglu/.m2/repository/io/cucumber/cucumber-gherkin-messages/7.14.0/cucumber-gherkin-messages-7.14.0.jar:/Users/oguzhancakiroglu/.m2/repository/io/cucumber/gherkin/26.2.0/gherkin-26.2.0.jar:/Users/oguzhancakiroglu/.m2/repository/io/cucumber/messages/22.0.0/messages-22.0.0.jar:/Users/oguzhancakiroglu/.m2/repository/io/cucumber/tag-expressions/5.0.6/tag-expressions-5.0.6.jar:/Users/oguzhancakiroglu/.m2/repository/io/cucumber/cucumber-expressions/16.1.2/cucumber-expressions-16.1.2.jar:/Users/oguzhancakiroglu/.m2/repository/io/cucumber/datatable/7.14.0/datatable-7.14.0.jar:/Users/oguzhancakiroglu/.m2/repository/io/cucumber/cucumber-plugin/7.14.0/cucumber-plugin-7.14.0.jar:/Users/oguzhancakiroglu/.m2/repository/io/cucumber/docstring/7.14.0/docstring-7.14.0.jar:/Users/oguzhancakiroglu/.m2/repository/io/cucumber/html-formatter/20.4.0/html-formatter-20.4.0.jar:/Users/oguzhancakiroglu/.m2/repository/io/cucumber/junit-xml-formatter/0.2.0/junit-xml-formatter-0.2.0.jar:/Users/oguzhancakiroglu/.m2/repository/io/cucumber/ci-environment/9.2.0/ci-environment-9.2.0.jar:/Users/oguzhancakiroglu/.m2/repository/org/apiguardian/apiguardian-api/1.1.2/apiguardian-api-1.1.2.jar:/Users/oguzhancakiroglu/.m2/repository/io/cucumber/cucumber-testng/7.14.0/cucumber-testng-7.14.0.jar:/Users/oguzhancakiroglu/.m2/repository/io/cucumber/cucumber-picocontainer/7.14.0/cucumber-picocontainer-7.14.0.jar:/Users/oguzhancakiroglu/.m2/repository/org/picocontainer/picocontainer/2.15/picocontainer-2.15.jar:/Users/oguzhancakiroglu/.m2/repository/org/testng/testng/7.7.1/testng-7.7.1.jar:/Users/oguzhancakiroglu/.m2/repository/com/beust/jcommander/1.82/jcommander-1.82.jar:/Users/oguzhancakiroglu/.m2/repository/org/webjars/jquery/3.6.1/jquery-3.6.1.jar:/Users/oguzhancakiroglu/.m2/repository/org/seleniumhq/selenium/selenium-java/4.15.0/selenium-java-4.15.0.jar:/Users/oguzhancakiroglu/.m2/repository/org/seleniumhq/selenium/selenium-chrome-driver/4.15.0/selenium-chrome-driver-4.15.0.jar:/Users/oguzhancakiroglu/.m2/repository/org/seleniumhq/selenium/selenium-chromium-driver/4.15.0/selenium-chromium-driver-4.15.0.jar:/Users/oguzhancakiroglu/.m2/repository/org/seleniumhq/selenium/selenium-devtools-v117/4.15.0/selenium-devtools-v117-4.15.0.jar:/Users/oguzhancakiroglu/.m2/repository/org/seleniumhq/selenium/selenium-devtools-v118/4.15.0/selenium-devtools-v118-4.15.0.jar:/Users/oguzhancakiroglu/.m2/repository/org/seleniumhq/selenium/selenium-devtools-v119/4.15.0/selenium-devtools-v119-4.15.0.jar:/Users/oguzhancakiroglu/.m2/repository/org/seleniumhq/selenium/selenium-devtools-v85/4.15.0/selenium-devtools-v85-4.15.0.jar:/Users/oguzhancakiroglu/.m2/repository/org/seleniumhq/selenium/selenium-edge-driver/4.15.0/selenium-edge-driver-4.15.0.jar:/Users/oguzhancakiroglu/.m2/repository/org/seleniumhq/selenium/selenium-firefox-driver/4.15.0/selenium-firefox-driver-4.15.0.jar:/Users/oguzhancakiroglu/.m2/repository/org/seleniumhq/selenium/selenium-ie-driver/4.15.0/selenium-ie-driver-4.15.0.jar:/Users/oguzhancakiroglu/.m2/repository/org/seleniumhq/selenium/selenium-safari-driver/4.15.0/selenium-safari-driver-4.15.0.jar:/Users/oguzhancakiroglu/.m2/repository/com/fasterxml/jackson/core/jackson-databind/2.15.2/jackson-databind-2.15.2.jar:/Users/oguzhancakiroglu/.m2/repository/com/fasterxml/jackson/core/jackson-annotations/2.15.2/jackson-annotations-2.15.2.jar:/Users/oguzhancakiroglu/.m2/repository/com/fasterxml/jackson/core/jackson-core/2.15.2/jackson-core-2.15.2.jar:/Users/oguzhancakiroglu/.m2/repository/org/slf4j/slf4j-api/2.0.7/slf4j-api-2.0.7.jar:/Users/oguzhancakiroglu/.m2/repository/ch/qos/logback/logback-classic/1.4.8/logback-classic-1.4.8.jar:/Users/oguzhancakiroglu/.m2/repository/ch/qos/logback/logback-core/1.4.8/logback-core-1.4.8.jar:/Users/oguzhancakiroglu/.m2/repository/org/apache/commons/commons-lang3/3.12.0/commons-lang3-3.12.0.jar:"/>
    <property name="java.vm.vendor" value="Homebrew"/>
    <property name="sun.arch.data.model" value="64"/>
    <property name="java.vendor.url" value="https://github.com/Homebrew/homebrew-core/issues"/>
    <property name="user.timezone" value="Europe/Istanbul"/>
    <property name="suiteXmlFile" value="chrome-testng.xml"/>
    <property name="os.name" value="Mac OS X"/>
    <property name="java.vm.specification.version" value="24"/>
    <property name="sun.java.launcher" value="SUN_STANDARD"/>
    <property name="user.country" value="TR"/>
    <property name="sun.boot.library.path" value="/opt/homebrew/Cellar/openjdk/24.0.2/libexec/openjdk.jdk/Contents/Home/lib"/>
    <property name="sun.java.command" value="/Users/oguzhancakiroglu/Documents/git/AppiumAutomation/target/surefire/surefirebooter-20250826214444382_3.jar /Users/oguzhancakiroglu/Documents/git/AppiumAutomation/target/surefire 2025-08-26T21-44-44_320-jvmRun1 surefire-20250826214444382_1tmp surefire_0-20250826214444382_2tmp"/>
    <property name="http.nonProxyHosts" value="local|*.local|169.254/16|*.169.254/16"/>
    <property name="jdk.debug" value="release"/>
    <property name="surefire.test.class.path" value="/Users/oguzhancakiroglu/Documents/git/AppiumAutomation/target/test-classes:/Users/oguzhancakiroglu/Documents/git/AppiumAutomation/target/classes:/Users/oguzhancakiroglu/.m2/repository/io/appium/java-client/8.5.1/java-client-8.5.1.jar:/Users/oguzhancakiroglu/.m2/repository/org/seleniumhq/selenium/selenium-api/4.35.0/selenium-api-4.35.0.jar:/Users/oguzhancakiroglu/.m2/repository/org/jspecify/jspecify/1.0.0/jspecify-1.0.0.jar:/Users/oguzhancakiroglu/.m2/repository/org/seleniumhq/selenium/selenium-remote-driver/4.35.0/selenium-remote-driver-4.35.0.jar:/Users/oguzhancakiroglu/.m2/repository/com/google/auto/service/auto-service-annotations/1.1.1/auto-service-annotations-1.1.1.jar:/Users/oguzhancakiroglu/.m2/repository/com/google/guava/guava/33.4.8-jre/guava-33.4.8-jre.jar:/Users/oguzhancakiroglu/.m2/repository/com/google/guava/failureaccess/1.0.3/failureaccess-1.0.3.jar:/Users/oguzhancakiroglu/.m2/repository/com/google/guava/listenablefuture/9999.0-empty-to-avoid-conflict-with-guava/listenablefuture-9999.0-empty-to-avoid-conflict-with-guava.jar:/Users/oguzhancakiroglu/.m2/repository/com/google/errorprone/error_prone_annotations/2.36.0/error_prone_annotations-2.36.0.jar:/Users/oguzhancakiroglu/.m2/repository/com/google/j2objc/j2objc-annotations/3.0.0/j2objc-annotations-3.0.0.jar:/Users/oguzhancakiroglu/.m2/repository/io/opentelemetry/opentelemetry-api/1.53.0/opentelemetry-api-1.53.0.jar:/Users/oguzhancakiroglu/.m2/repository/io/opentelemetry/opentelemetry-context/1.53.0/opentelemetry-context-1.53.0.jar:/Users/oguzhancakiroglu/.m2/repository/io/opentelemetry/opentelemetry-common/1.53.0/opentelemetry-common-1.53.0.jar:/Users/oguzhancakiroglu/.m2/repository/io/opentelemetry/opentelemetry-exporter-logging/1.53.0/opentelemetry-exporter-logging-1.53.0.jar:/Users/oguzhancakiroglu/.m2/repository/io/opentelemetry/opentelemetry-sdk-common/1.53.0/opentelemetry-sdk-common-1.53.0.jar:/Users/oguzhancakiroglu/.m2/repository/io/opentelemetry/opentelemetry-sdk-extension-autoconfigure-spi/1.53.0/opentelemetry-sdk-extension-autoconfigure-spi-1.53.0.jar:/Users/oguzhancakiroglu/.m2/repository/io/opentelemetry/opentelemetry-sdk-extension-autoconfigure/1.53.0/opentelemetry-sdk-extension-autoconfigure-1.53.0.jar:/Users/oguzhancakiroglu/.m2/repository/io/opentelemetry/opentelemetry-sdk-trace/1.53.0/opentelemetry-sdk-trace-1.53.0.jar:/Users/oguzhancakiroglu/.m2/repository/io/opentelemetry/opentelemetry-sdk/1.53.0/opentelemetry-sdk-1.53.0.jar:/Users/oguzhancakiroglu/.m2/repository/io/opentelemetry/opentelemetry-sdk-metrics/1.53.0/opentelemetry-sdk-metrics-1.53.0.jar:/Users/oguzhancakiroglu/.m2/repository/io/opentelemetry/opentelemetry-sdk-logs/1.53.0/opentelemetry-sdk-logs-1.53.0.jar:/Users/oguzhancakiroglu/.m2/repository/net/bytebuddy/byte-buddy/1.17.6/byte-buddy-1.17.6.jar:/Users/oguzhancakiroglu/.m2/repository/org/seleniumhq/selenium/selenium-http/4.35.0/selenium-http-4.35.0.jar:/Users/oguzhancakiroglu/.m2/repository/org/seleniumhq/selenium/selenium-json/4.35.0/selenium-json-4.35.0.jar:/Users/oguzhancakiroglu/.m2/repository/org/seleniumhq/selenium/selenium-manager/4.35.0/selenium-manager-4.35.0.jar:/Users/oguzhancakiroglu/.m2/repository/org/seleniumhq/selenium/selenium-os/4.35.0/selenium-os-4.35.0.jar:/Users/oguzhancakiroglu/.m2/repository/org/apache/commons/commons-exec/1.5.0/commons-exec-1.5.0.jar:/Users/oguzhancakiroglu/.m2/repository/org/seleniumhq/selenium/selenium-support/4.35.0/selenium-support-4.35.0.jar:/Users/oguzhancakiroglu/.m2/repository/com/google/code/gson/gson/2.10.1/gson-2.10.1.jar:/Users/oguzhancakiroglu/.m2/repository/commons-validator/commons-validator/1.7/commons-validator-1.7.jar:/Users/oguzhancakiroglu/.m2/repository/commons-beanutils/commons-beanutils/1.9.4/commons-beanutils-1.9.4.jar:/Users/oguzhancakiroglu/.m2/repository/commons-digester/commons-digester/2.1/commons-digester-2.1.jar:/Users/oguzhancakiroglu/.m2/repository/commons-logging/commons-logging/1.2/commons-logging-1.2.jar:/Users/oguzhancakiroglu/.m2/repository/commons-collections/commons-collections/3.2.2/commons-collections-3.2.2.jar:/Users/oguzhancakiroglu/.m2/repository/commons-io/commons-io/2.12.0/commons-io-2.12.0.jar:/Users/oguzhancakiroglu/.m2/repository/io/cucumber/cucumber-java/7.14.0/cucumber-java-7.14.0.jar:/Users/oguzhancakiroglu/.m2/repository/io/cucumber/cucumber-core/7.14.0/cucumber-core-7.14.0.jar:/Users/oguzhancakiroglu/.m2/repository/io/cucumber/cucumber-gherkin/7.14.0/cucumber-gherkin-7.14.0.jar:/Users/oguzhancakiroglu/.m2/repository/io/cucumber/cucumber-gherkin-messages/7.14.0/cucumber-gherkin-messages-7.14.0.jar:/Users/oguzhancakiroglu/.m2/repository/io/cucumber/gherkin/26.2.0/gherkin-26.2.0.jar:/Users/oguzhancakiroglu/.m2/repository/io/cucumber/messages/22.0.0/messages-22.0.0.jar:/Users/oguzhancakiroglu/.m2/repository/io/cucumber/tag-expressions/5.0.6/tag-expressions-5.0.6.jar:/Users/oguzhancakiroglu/.m2/repository/io/cucumber/cucumber-expressions/16.1.2/cucumber-expressions-16.1.2.jar:/Users/oguzhancakiroglu/.m2/repository/io/cucumber/datatable/7.14.0/datatable-7.14.0.jar:/Users/oguzhancakiroglu/.m2/repository/io/cucumber/cucumber-plugin/7.14.0/cucumber-plugin-7.14.0.jar:/Users/oguzhancakiroglu/.m2/repository/io/cucumber/docstring/7.14.0/docstring-7.14.0.jar:/Users/oguzhancakiroglu/.m2/repository/io/cucumber/html-formatter/20.4.0/html-formatter-20.4.0.jar:/Users/oguzhancakiroglu/.m2/repository/io/cucumber/junit-xml-formatter/0.2.0/junit-xml-formatter-0.2.0.jar:/Users/oguzhancakiroglu/.m2/repository/io/cucumber/ci-environment/9.2.0/ci-environment-9.2.0.jar:/Users/oguzhancakiroglu/.m2/repository/org/apiguardian/apiguardian-api/1.1.2/apiguardian-api-1.1.2.jar:/Users/oguzhancakiroglu/.m2/repository/io/cucumber/cucumber-testng/7.14.0/cucumber-testng-7.14.0.jar:/Users/oguzhancakiroglu/.m2/repository/io/cucumber/cucumber-picocontainer/7.14.0/cucumber-picocontainer-7.14.0.jar:/Users/oguzhancakiroglu/.m2/repository/org/picocontainer/picocontainer/2.15/picocontainer-2.15.jar:/Users/oguzhancakiroglu/.m2/repository/org/testng/testng/7.7.1/testng-7.7.1.jar:/Users/oguzhancakiroglu/.m2/repository/com/beust/jcommander/1.82/jcommander-1.82.jar:/Users/oguzhancakiroglu/.m2/repository/org/webjars/jquery/3.6.1/jquery-3.6.1.jar:/Users/oguzhancakiroglu/.m2/repository/org/seleniumhq/selenium/selenium-java/4.15.0/selenium-java-4.15.0.jar:/Users/oguzhancakiroglu/.m2/repository/org/seleniumhq/selenium/selenium-chrome-driver/4.15.0/selenium-chrome-driver-4.15.0.jar:/Users/oguzhancakiroglu/.m2/repository/org/seleniumhq/selenium/selenium-chromium-driver/4.15.0/selenium-chromium-driver-4.15.0.jar:/Users/oguzhancakiroglu/.m2/repository/org/seleniumhq/selenium/selenium-devtools-v117/4.15.0/selenium-devtools-v117-4.15.0.jar:/Users/oguzhancakiroglu/.m2/repository/org/seleniumhq/selenium/selenium-devtools-v118/4.15.0/selenium-devtools-v118-4.15.0.jar:/Users/oguzhancakiroglu/.m2/repository/org/seleniumhq/selenium/selenium-devtools-v119/4.15.0/selenium-devtools-v119-4.15.0.jar:/Users/oguzhancakiroglu/.m2/repository/org/seleniumhq/selenium/selenium-devtools-v85/4.15.0/selenium-devtools-v85-4.15.0.jar:/Users/oguzhancakiroglu/.m2/repository/org/seleniumhq/selenium/selenium-edge-driver/4.15.0/selenium-edge-driver-4.15.0.jar:/Users/oguzhancakiroglu/.m2/repository/org/seleniumhq/selenium/selenium-firefox-driver/4.15.0/selenium-firefox-driver-4.15.0.jar:/Users/oguzhancakiroglu/.m2/repository/org/seleniumhq/selenium/selenium-ie-driver/4.15.0/selenium-ie-driver-4.15.0.jar:/Users/oguzhancakiroglu/.m2/repository/org/seleniumhq/selenium/selenium-safari-driver/4.15.0/selenium-safari-driver-4.15.0.jar:/Users/oguzhancakiroglu/.m2/repository/com/fasterxml/jackson/core/jackson-databind/2.15.2/jackson-databind-2.15.2.jar:/Users/oguzhancakiroglu/.m2/repository/com/fasterxml/jackson/core/jackson-annotations/2.15.2/jackson-annotations-2.15.2.jar:/Users/oguzhancakiroglu/.m2/repository/com/fasterxml/jackson/core/jackson-core/2.15.2/jackson-core-2.15.2.jar:/Users/oguzhancakiroglu/.m2/repository/org/slf4j/slf4j-api/2.0.7/slf4j-api-2.0.7.jar:/Users/oguzhancakiroglu/.m2/repository/ch/qos/logback/logback-classic/1.4.8/logback-classic-1.4.8.jar:/Users/oguzhancakiroglu/.m2/repository/ch/qos/logback/logback-core/1.4.8/logback-core-1.4.8.jar:/Users/oguzhancakiroglu/.m2/repository/org/apache/commons/commons-lang3/3.12.0/commons-lang3-3.12.0.jar:"/>
    <property name="sun.cpu.endian" value="little"/>
    <property name="user.home" value="/Users/oguzhancakiroglu"/>
    <property name="user.language" value="en"/>
    <property name="java.specification.vendor" value="Oracle Corporation"/>
    <property name="java.version.date" value="2025-07-15"/>
    <property name="java.home" value="/opt/homebrew/Cellar/openjdk/24.0.2/libexec/openjdk.jdk/Contents/Home"/>
    <property name="file.separator" value="/"/>
    <property name="basedir" value="/Users/oguzhancakiroglu/Documents/git/AppiumAutomation"/>
    <property name="java.vm.compressedOopsMode" value="Zero based"/>
    <property name="line.separator" value="&#10;"/>
    <property name="java.vm.specification.vendor" value="Oracle Corporation"/>
    <property name="java.specification.name" value="Java Platform API Specification"/>
    <property name="apple.awt.application.name" value="ForkedBooter"/>
    <property name="surefire.real.class.path" value="/Users/oguzhancakiroglu/Documents/git/AppiumAutomation/target/surefire/surefirebooter-20250826214444382_3.jar"/>
    <property name="sun.management.compiler" value="HotSpot 64-Bit Tiered Compilers"/>
    <property name="ftp.nonProxyHosts" value="local|*.local|169.254/16|*.169.254/16"/>
    <property name="java.runtime.version" value="24.0.2"/>
    <property name="user.name" value="oguzhancakiroglu"/>
    <property name="stdout.encoding" value="UTF-8"/>
    <property name="path.separator" value=":"/>
    <property name="os.version" value="15.6.1"/>
    <property name="java.runtime.name" value="OpenJDK Runtime Environment"/>
    <property name="file.encoding" value="UTF-8"/>
    <property name="java.vm.name" value="OpenJDK 64-Bit Server VM"/>
    <property name="java.vendor.version" value="Homebrew"/>
    <property name="localRepository" value="/Users/oguzhancakiroglu/.m2/repository"/>
    <property name="java.vendor.url.bug" value="https://github.com/Homebrew/homebrew-core/issues"/>
    <property name="java.io.tmpdir" value="/var/folders/v7/j3vg97_j5knddqy5fpkzf17m0000gn/T/"/>
    <property name="java.version" value="24.0.2"/>
    <property name="cucumber.filter.tags" value="@chrome"/>
    <property name="user.dir" value="/Users/oguzhancakiroglu/Documents/git/AppiumAutomation"/>
    <property name="os.arch" value="aarch64"/>
    <property name="java.vm.specification.name" value="Java Virtual Machine Specification"/>
    <property name="native.encoding" value="UTF-8"/>
    <property name="java.library.path" value="/Users/oguzhancakiroglu/Library/Java/Extensions:/Library/Java/Extensions:/Network/Library/Java/Extensions:/System/Library/Java/Extensions:/usr/lib/java:."/>
    <property name="java.vm.info" value="mixed mode, sharing"/>
    <property name="stderr.encoding" value="UTF-8"/>
    <property name="java.vendor" value="Homebrew"/>
    <property name="java.vm.version" value="24.0.2"/>
    <property name="sun.io.unicode.encoding" value="UnicodeBig"/>
    <property name="socksNonProxyHosts" value="local|*.local|169.254/16|*.169.254/16"/>
    <property name="java.class.version" value="68.0"/>
  </properties>
  <testcase name="runScenario[&quot;Chrome&apos;da Google&apos;a Gitme&quot;, &quot;Chrome Browser Test&quot;](1)" classname="com.appiumautomation.testrunners.CucumberTestRunner" time="0.056">
    <failure message="Cannot stop.  Current container state was: CONSTRUCTED" type="java.lang.IllegalStateException"><![CDATA[java.lang.IllegalStateException: Cannot stop.  Current container state was: CONSTRUCTED
	at org.picocontainer.lifecycle.DefaultLifecycleState.stopping(DefaultLifecycleState.java:72)
	at org.picocontainer.DefaultPicoContainer.stop(DefaultPicoContainer.java:794)
	at io.cucumber.picocontainer.PicoFactory.stop(PicoFactory.java:50)
	at io.cucumber.core.runner.Runner.disposeBackendWorlds(Runner.java:156)
	at io.cucumber.core.runner.Runner.runPickle(Runner.java:78)
	at io.cucumber.testng.TestNGCucumberRunner.lambda$runScenario$1(TestNGCucumberRunner.java:132)
	at io.cucumber.core.runtime.CucumberExecutionContext.lambda$runTestCase$5(CucumberExecutionContext.java:137)
	at io.cucumber.core.runtime.RethrowingThrowableCollector.executeAndThrow(RethrowingThrowableCollector.java:23)
	at io.cucumber.core.runtime.CucumberExecutionContext.runTestCase(CucumberExecutionContext.java:137)
	at io.cucumber.testng.TestNGCucumberRunner.runScenario(TestNGCucumberRunner.java:129)
	at io.cucumber.testng.AbstractTestNGCucumberTests.runScenario(AbstractTestNGCucumberTests.java:35)
	at java.base/jdk.internal.reflect.DirectMethodHandleAccessor.invoke(DirectMethodHandleAccessor.java:104)
	at java.base/java.lang.reflect.Method.invoke(Method.java:565)
	at org.testng.internal.invokers.MethodInvocationHelper.invokeMethod(MethodInvocationHelper.java:139)
	at org.testng.internal.invokers.TestInvoker.invokeMethod(TestInvoker.java:677)
	at org.testng.internal.invokers.TestInvoker.invokeTestMethod(TestInvoker.java:221)
	at org.testng.internal.invokers.MethodRunner.runInSequence(MethodRunner.java:50)
	at org.testng.internal.invokers.TestInvoker$MethodInvocationAgent.invoke(TestInvoker.java:969)
	at org.testng.internal.invokers.TestInvoker.invokeTestMethods(TestInvoker.java:194)
	at org.testng.internal.invokers.TestMethodWorker.invokeTestMethods(TestMethodWorker.java:148)
	at org.testng.internal.invokers.TestMethodWorker.run(TestMethodWorker.java:128)
	at java.base/java.util.concurrent.ThreadPoolExecutor.runWorker(ThreadPoolExecutor.java:1095)
	at java.base/java.util.concurrent.ThreadPoolExecutor$Worker.run(ThreadPoolExecutor.java:619)
	at java.base/java.lang.Thread.run(Thread.java:1447)
]]></failure>
    <system-out><![CDATA[=== Appium Multi Device Test Suite Başlatılıyor ===
Test ortamı hazırlanıyor...
]]></system-out>
  </testcase>
</testsuite>